<?xml version="1.0" encoding="UTF-8"?>
<!-- Generated by org.testng.reporters.JUnitXMLReporter -->
<testsuite ignored="0" hostname="T" failures="0" tests="4" name="Default test" time="0.487" errors="0" timestamp="2024-12-21T09:41:12 IST">
  <testcase classname="Twarita.dataDrivenTesting.TestNGDataProviderWithExcel" name="usingData" time="0.005"/>
  <testcase classname="Twarita.dataDrivenTesting.TestNGDataProviderWithExcel" name="usingData" time="0.001"/>
  <testcase classname="Twarita.dataDrivenTesting.TestNGDataProviderWithExcel" name="usingData" time="0.001"/>
  <testcase classname="Twarita.dataDrivenTesting.TestNGDataProviderWithExcel" name="usingData" time="0.002"/>
</testsuite> <!-- Default test -->
