<?xml version="1.0" encoding="UTF-8"?>
<testng-results ignored="0" total="4" passed="4" failed="0" skipped="0">
  <reporter-output>
  </reporter-output>
  <suite started-at="2024-12-21T09:41:12 IST" name="Default suite" finished-at="2024-12-21T09:41:12 IST" duration-ms="487">
    <groups>
    </groups>
    <test started-at="2024-12-21T09:41:12 IST" name="Default test" finished-at="2024-12-21T09:41:12 IST" duration-ms="487">
      <class name="Twarita.dataDrivenTesting.TestNGDataProviderWithExcel">
        <test-method signature="usingData(java.lang.String,java.lang.String,java.lang.String)[pri:0, instance:Twarita.dataDrivenTesting.TestNGDataProviderWithExcel@13d73f29]" started-at="2024-12-21T09:41:12 IST" name="usingData" data-provider="dataProvider" finished-at="2024-12-21T09:41:12 IST" duration-ms="5" status="PASS">
          <params>
            <param index="0">
              <value>
                <![CDATA[sfbskj]]>
              </value>
            </param>
            <param index="1">
              <value>
                <![CDATA[nk]]>
              </value>
            </param>
            <param index="2">
              <value>
                <![CDATA[2]]>
              </value>
            </param>
          </params>
          <reporter-output>
          </reporter-output>
        </test-method> <!-- usingData -->
        <test-method signature="usingData(java.lang.String,java.lang.String,java.lang.String)[pri:0, instance:Twarita.dataDrivenTesting.TestNGDataProviderWithExcel@13d73f29]" started-at="2024-12-21T09:41:12 IST" name="usingData" data-provider="dataProvider" finished-at="2024-12-21T09:41:12 IST" duration-ms="1" status="PASS">
          <params>
            <param index="0">
              <value>
                <![CDATA[tea]]>
              </value>
            </param>
            <param index="1">
              <value>
                <![CDATA[1]]>
              </value>
            </param>
            <param index="2">
              <value>
                <![CDATA[book]]>
              </value>
            </param>
          </params>
          <reporter-output>
          </reporter-output>
        </test-method> <!-- usingData -->
        <test-method signature="usingData(java.lang.String,java.lang.String,java.lang.String)[pri:0, instance:Twarita.dataDrivenTesting.TestNGDataProviderWithExcel@13d73f29]" started-at="2024-12-21T09:41:12 IST" name="usingData" data-provider="dataProvider" finished-at="2024-12-21T09:41:12 IST" duration-ms="1" status="PASS">
          <params>
            <param index="0">
              <value>
                <![CDATA[sufis]]>
              </value>
            </param>
            <param index="1">
              <value>
                <![CDATA[sfjokd[pp]]>
              </value>
            </param>
            <param index="2">
              <value>
                <![CDATA[scnsopdjop]]>
              </value>
            </param>
          </params>
          <reporter-output>
          </reporter-output>
        </test-method> <!-- usingData -->
        <test-method signature="usingData(java.lang.String,java.lang.String,java.lang.String)[pri:0, instance:Twarita.dataDrivenTesting.TestNGDataProviderWithExcel@13d73f29]" started-at="2024-12-21T09:41:12 IST" name="usingData" data-provider="dataProvider" finished-at="2024-12-21T09:41:12 IST" duration-ms="2" status="PASS">
          <params>
            <param index="0">
              <value>
                <![CDATA[eff]]>
              </value>
            </param>
            <param index="1">
              <value>
                <![CDATA[erre]]>
              </value>
            </param>
            <param index="2">
              <value>
                <![CDATA[sfsf]]>
              </value>
            </param>
          </params>
          <reporter-output>
          </reporter-output>
        </test-method> <!-- usingData -->
      </class> <!-- Twarita.dataDrivenTesting.TestNGDataProviderWithExcel -->
    </test> <!-- Default test -->
  </suite> <!-- Default suite -->
</testng-results>
